# JRE version: Java(TM) SE Runtime Environment (8.0_191-b12) (build 1.8.0_191-b12)
# Java VM: Java HotSpot(TM) 64-Bit Server VM (25.191-b12 mixed mode linux-amd64 compressed oops)
Heap:
 def new generation   total 39616K, used 13862K [0x00000000bce00000, 0x00000000bf8f0000, 0x00000000d3400000)
  eden space 35264K,  26% used [0x00000000bce00000, 0x00000000bd749bf8, 0x00000000bf070000)
  from space 4352K, 100% used [0x00000000bf070000, 0x00000000bf4b0000, 0x00000000bf4b0000)
  to   space 4352K,   0% used [0x00000000bf4b0000, 0x00000000bf4b0000, 0x00000000bf8f0000)
 tenured generation   total 87900K, used 66498K [0x00000000d3400000, 0x00000000d89d7000, 0x0000000100000000)
   the space 87900K,  75% used [0x00000000d3400000, 0x00000000d74f0b10, 0x00000000d74f0c00, 0x00000000d89d7000)
 Metaspace       used 19342K, capacity 19670K, committed 19968K, reserved 1067008K
  class space    used 2142K, capacity 2247K, committed 2304K, reserved 1048576K
GC Heap History (10 events):
Event: 3.154 GC heap before
{Heap before GC invocations=5 (full 0):
 def new generation   total 20864K, used 19246K [0x00000000bce00000, 0x00000000be4a0000, 0x00000000d3400000)
  eden space 18560K,  91% used [0x00000000bce00000, 0x00000000bde8bbe8, 0x00000000be020000)
  from space 2304K,  99% used [0x00000000be260000, 0x00000000be49fff8, 0x00000000be4a0000)
  to   space 2304K,   0% used [0x00000000be020000, 0x00000000be020000, 0x00000000be260000)
 tenured generation   total 46464K, used 17663K [0x00000000d3400000, 0x00000000d6160000, 0x0000000100000000)
   the space 46464K,  38% used [0x00000000d3400000, 0x00000000d453fd28, 0x00000000d453fe00, 0x00000000d6160000)
 Metaspace       used 18728K, capacity 19018K, committed 19456K, reserved 1067008K
  class space    used 2123K, capacity 2245K, committed 2304K, reserved 1048576K
Event: 3.160 GC heap after
Heap after GC invocations=6 (full 0):
 def new generation   total 20864K, used 738K [0x00000000bce00000, 0x00000000be4a0000, 0x00000000d3400000)
  eden space 18560K,   0% used [0x00000000bce00000, 0x00000000bce00000, 0x00000000be020000)
  from space 2304K,  32% used [0x00000000be020000, 0x00000000be0d8a48, 0x00000000be260000)
  to   space 2304K,   0% used [0x00000000be260000, 0x00000000be260000, 0x00000000be4a0000)
 tenured generation   total 46464K, used 31268K [0x00000000d3400000, 0x00000000d6160000, 0x0000000100000000)
   the space 46464K,  67% used [0x00000000d3400000, 0x00000000d5289130, 0x00000000d5289200, 0x00000000d6160000)
 Metaspace       used 18728K, capacity 19018K, committed 19456K, reserved 1067008K
  class space    used 2123K, capacity 2245K, committed 2304K, reserved 1048576K
}
Event: 3.281 GC heap before
{Heap before GC invocations=6 (full 0):
 def new generation   total 20864K, used 12746K [0x00000000bce00000, 0x00000000be4a0000, 0x00000000d3400000)
  eden space 18560K,  64% used [0x00000000bce00000, 0x00000000bd9b9e58, 0x00000000be020000)
  from space 2304K,  32% used [0x00000000be020000, 0x00000000be0d8a48, 0x00000000be260000)
  to   space 2304K,   0% used [0x00000000be260000, 0x00000000be260000, 0x00000000be4a0000)
 tenured generation   total 46464K, used 31268K [0x00000000d3400000, 0x00000000d6160000, 0x0000000100000000)
   the space 46464K,  67% used [0x00000000d3400000, 0x00000000d5289130, 0x00000000d5289200, 0x00000000d6160000)
 Metaspace       used 18761K, capacity 19082K, committed 19456K, reserved 1067008K
  class space    used 2123K, capacity 2245K, committed 2304K, reserved 1048576K
Event: 3.284 GC heap after
Heap after GC invocations=7 (full 0):
 def new generation   total 20864K, used 2051K [0x00000000bce00000, 0x00000000be4a0000, 0x00000000d3400000)
  eden space 18560K,   0% used [0x00000000bce00000, 0x00000000bce00000, 0x00000000be020000)
  from space 2304K,  89% used [0x00000000be260000, 0x00000000be460cc8, 0x00000000be4a0000)
  to   space 2304K,   0% used [0x00000000be020000, 0x00000000be020000, 0x00000000be260000)
 tenured generation   total 46464K, used 34097K [0x00000000d3400000, 0x00000000d6160000, 0x0000000100000000)
   the space 46464K,  73% used [0x00000000d3400000, 0x00000000d554c450, 0x00000000d554c600, 0x00000000d6160000)
 Metaspace       used 18761K, capacity 19082K, committed 19456K, reserved 1067008K
  class space    used 2123K, capacity 2245K, committed 2304K, reserved 1048576K
}
Event: 3.297 GC heap before
{Heap before GC invocations=7 (full 0):
 def new generation   total 20864K, used 20611K [0x00000000bce00000, 0x00000000be4a0000, 0x00000000d3400000)
  eden space 18560K, 100% used [0x00000000bce00000, 0x00000000be020000, 0x00000000be020000)
  from space 2304K,  89% used [0x00000000be260000, 0x00000000be460cc8, 0x00000000be4a0000)
  to   space 2304K,   0% used [0x00000000be020000, 0x00000000be020000, 0x00000000be260000)
 tenured generation   total 46464K, used 34097K [0x00000000d3400000, 0x00000000d6160000, 0x0000000100000000)
   the space 46464K,  73% used [0x00000000d3400000, 0x00000000d554c450, 0x00000000d554c600, 0x00000000d6160000)
 Metaspace       used 18761K, capacity 19082K, committed 19456K, reserved 1067008K
  class space    used 2123K, capacity 2245K, committed 2304K, reserved 1048576K
Event: 3.332 GC heap after
Heap after GC invocations=8 (full 1):
 def new generation   total 39616K, used 0K [0x00000000bce00000, 0x00000000bf8f0000, 0x00000000d3400000)
  eden space 35264K,   0% used [0x00000000bce00000, 0x00000000bce00000, 0x00000000bf070000)
  from space 4352K,   0% used [0x00000000bf070000, 0x00000000bf070000, 0x00000000bf4b0000)
  to   space 4352K,   0% used [0x00000000bf4b0000, 0x00000000bf4b0000, 0x00000000bf8f0000)
 tenured generation   total 87900K, used 52738K [0x00000000d3400000, 0x00000000d89d7000, 0x0000000100000000)
   the space 87900K,  59% used [0x00000000d3400000, 0x00000000d6780b68, 0x00000000d6780c00, 0x00000000d89d7000)
 Metaspace       used 18761K, capacity 19082K, committed 19456K, reserved 1067008K
  class space    used 2123K, capacity 2245K, committed 2304K, reserved 1048576K
}
Event: 3.650 GC heap before
{Heap before GC invocations=8 (full 1):
 def new generation   total 39616K, used 35261K [0x00000000bce00000, 0x00000000bf8f0000, 0x00000000d3400000)
  eden space 35264K,  99% used [0x00000000bce00000, 0x00000000bf06f540, 0x00000000bf070000)
  from space 4352K,   0% used [0x00000000bf070000, 0x00000000bf070000, 0x00000000bf4b0000)
  to   space 4352K,   0% used [0x00000000bf4b0000, 0x00000000bf4b0000, 0x00000000bf8f0000)
 tenured generation   total 87900K, used 52738K [0x00000000d3400000, 0x00000000d89d7000, 0x0000000100000000)
   the space 87900K,  59% used [0x00000000d3400000, 0x00000000d6780b68, 0x00000000d6780c00, 0x00000000d89d7000)
 Metaspace       used 18789K, capacity 19094K, committed 19456K, reserved 1067008K
  class space    used 2125K, capacity 2247K, committed 2304K, reserved 1048576K
Event: 3.657 GC heap after
Heap after GC invocations=9 (full 1):
 def new generation   total 39616K, used 1358K [0x00000000bce00000, 0x00000000bf8f0000, 0x00000000d3400000)
  eden space 35264K,   0% used [0x00000000bce00000, 0x00000000bce00000, 0x00000000bf070000)
  from space 4352K,  31% used [0x00000000bf4b0000, 0x00000000bf603a08, 0x00000000bf8f0000)
  to   space 4352K,   0% used [0x00000000bf070000, 0x00000000bf070000, 0x00000000bf4b0000)
 tenured generation   total 87900K, used 66318K [0x00000000d3400000, 0x00000000d89d7000, 0x0000000100000000)
   the space 87900K,  75% used [0x00000000d3400000, 0x00000000d74c3900, 0x00000000d74c3a00, 0x00000000d89d7000)
 Metaspace       used 18789K, capacity 19094K, committed 19456K, reserved 1067008K
  class space    used 2125K, capacity 2247K, committed 2304K, reserved 1048576K
}
Event: 4.420 GC heap before
{Heap before GC invocations=9 (full 1):
 def new generation   total 39616K, used 36622K [0x00000000bce00000, 0x00000000bf8f0000, 0x00000000d3400000)
  eden space 35264K, 100% used [0x00000000bce00000, 0x00000000bf070000, 0x00000000bf070000)
  from space 4352K,  31% used [0x00000000bf4b0000, 0x00000000bf603a08, 0x00000000bf8f0000)
  to   space 4352K,   0% used [0x00000000bf070000, 0x00000000bf070000, 0x00000000bf4b0000)
 tenured generation   total 87900K, used 66318K [0x00000000d3400000, 0x00000000d89d7000, 0x0000000100000000)
   the space 87900K,  75% used [0x00000000d3400000, 0x00000000d74c3900, 0x00000000d74c3a00, 0x00000000d89d7000)
 Metaspace       used 18929K, capacity 19222K, committed 19456K, reserved 1067008K
  class space    used 2134K, capacity 2247K, committed 2304K, reserved 1048576K
Event: 4.425 GC heap after
Heap after GC invocations=10 (full 1):
 def new generation   total 39616K, used 4352K [0x00000000bce00000, 0x00000000bf8f0000, 0x00000000d3400000)
  eden space 35264K,   0% used [0x00000000bce00000, 0x00000000bce00000, 0x00000000bf070000)
  from space 4352K, 100% used [0x00000000bf070000, 0x00000000bf4b0000, 0x00000000bf4b0000)
  to   space 4352K,   0% used [0x00000000bf4b0000, 0x00000000bf4b0000, 0x00000000bf8f0000)
 tenured generation   total 87900K, used 66498K [0x00000000d3400000, 0x00000000d89d7000, 0x0000000100000000)
   the space 87900K,  75% used [0x00000000d3400000, 0x00000000d74f0b10, 0x00000000d74f0c00, 0x00000000d89d7000)
 Metaspace       used 18929K, capacity 19222K, committed 19456K, reserved 1067008K
  class space    used 2134K, capacity 2247K, committed 2304K, reserved 1048576K
}

