# JRE version: Java(TM) SE Runtime Environment (8.0_191-b12) (build 1.8.0_191-b12)
# Java VM: Java HotSpot(TM) 64-Bit Server VM (25.191-b12 mixed mode linux-amd64 compressed oops)
Heap:
 def new generation   total 41024K, used 10153K [0x00000000bce00000, 0x00000000bfa80000, 0x00000000d3400000)
  eden space 36480K,  15% used [0x00000000bce00000, 0x00000000bd37a440, 0x00000000bf1a0000)
  from space 4544K,  99% used [0x00000000bf1a0000, 0x00000000bf60fff8, 0x00000000bf610000)
  to   space 4544K,   0% used [0x00000000bf610000, 0x00000000bf610000, 0x00000000bfa80000)
 tenured generation   total 91016K, used 68187K [0x00000000d3400000, 0x00000000d8ce2000, 0x0000000100000000)
   the space 91016K,  74% used [0x00000000d3400000, 0x00000000d7696df8, 0x00000000d7696e00, 0x00000000d8ce2000)
 Metaspace       used 19326K, capacity 19606K, committed 19968K, reserved 1067008K
  class space    used 2139K, capacity 2247K, committed 2304K, reserved 1048576K
GC Heap History (10 events):
Event: 3.333 GC heap before
{Heap before GC invocations=5 (full 0):
 def new generation   total 20864K, used 20863K [0x00000000bce00000, 0x00000000be4a0000, 0x00000000d3400000)
  eden space 18560K, 100% used [0x00000000bce00000, 0x00000000be020000, 0x00000000be020000)
  from space 2304K,  99% used [0x00000000be260000, 0x00000000be49fff8, 0x00000000be4a0000)
  to   space 2304K,   0% used [0x00000000be020000, 0x00000000be020000, 0x00000000be260000)
 tenured generation   total 46464K, used 20505K [0x00000000d3400000, 0x00000000d6160000, 0x0000000100000000)
   the space 46464K,  44% used [0x00000000d3400000, 0x00000000d48065a8, 0x00000000d4806600, 0x00000000d6160000)
 Metaspace       used 18712K, capacity 19010K, committed 19456K, reserved 1067008K
  class space    used 2121K, capacity 2245K, committed 2304K, reserved 1048576K
Event: 3.341 GC heap after
Heap after GC invocations=6 (full 0):
 def new generation   total 20864K, used 530K [0x00000000bce00000, 0x00000000be4a0000, 0x00000000d3400000)
  eden space 18560K,   0% used [0x00000000bce00000, 0x00000000bce00000, 0x00000000be020000)
  from space 2304K,  23% used [0x00000000be020000, 0x00000000be0a4b60, 0x00000000be260000)
  to   space 2304K,   0% used [0x00000000be260000, 0x00000000be260000, 0x00000000be4a0000)
 tenured generation   total 46464K, used 36939K [0x00000000d3400000, 0x00000000d6160000, 0x0000000100000000)
   the space 46464K,  79% used [0x00000000d3400000, 0x00000000d5812d50, 0x00000000d5812e00, 0x00000000d6160000)
 Metaspace       used 18712K, capacity 19010K, committed 19456K, reserved 1067008K
  class space    used 2121K, capacity 2245K, committed 2304K, reserved 1048576K
}
Event: 3.430 GC heap before
{Heap before GC invocations=6 (full 0):
 def new generation   total 20864K, used 7460K [0x00000000bce00000, 0x00000000be4a0000, 0x00000000d3400000)
  eden space 18560K,  37% used [0x00000000bce00000, 0x00000000bd4c4898, 0x00000000be020000)
  from space 2304K,  23% used [0x00000000be020000, 0x00000000be0a4b60, 0x00000000be260000)
  to   space 2304K,   0% used [0x00000000be260000, 0x00000000be260000, 0x00000000be4a0000)
 tenured generation   total 46464K, used 36939K [0x00000000d3400000, 0x00000000d6160000, 0x0000000100000000)
   the space 46464K,  79% used [0x00000000d3400000, 0x00000000d5812d50, 0x00000000d5812e00, 0x00000000d6160000)
 Metaspace       used 18749K, capacity 19074K, committed 19456K, reserved 1067008K
  class space    used 2121K, capacity 2245K, committed 2304K, reserved 1048576K
Event: 3.432 GC heap after
Heap after GC invocations=7 (full 0):
 def new generation   total 20864K, used 1155K [0x00000000bce00000, 0x00000000be4a0000, 0x00000000d3400000)
  eden space 18560K,   0% used [0x00000000bce00000, 0x00000000bce00000, 0x00000000be020000)
  from space 2304K,  50% used [0x00000000be260000, 0x00000000be380e90, 0x00000000be4a0000)
  to   space 2304K,   0% used [0x00000000be020000, 0x00000000be020000, 0x00000000be260000)
 tenured generation   total 46464K, used 36939K [0x00000000d3400000, 0x00000000d6160000, 0x0000000100000000)
   the space 46464K,  79% used [0x00000000d3400000, 0x00000000d5812d50, 0x00000000d5812e00, 0x00000000d6160000)
 Metaspace       used 18749K, capacity 19074K, committed 19456K, reserved 1067008K
  class space    used 2121K, capacity 2245K, committed 2304K, reserved 1048576K
}
Event: 3.444 GC heap before
{Heap before GC invocations=7 (full 0):
 def new generation   total 20864K, used 19715K [0x00000000bce00000, 0x00000000be4a0000, 0x00000000d3400000)
  eden space 18560K, 100% used [0x00000000bce00000, 0x00000000be020000, 0x00000000be020000)
  from space 2304K,  50% used [0x00000000be260000, 0x00000000be380e90, 0x00000000be4a0000)
  to   space 2304K,   0% used [0x00000000be020000, 0x00000000be020000, 0x00000000be260000)
 tenured generation   total 46464K, used 36939K [0x00000000d3400000, 0x00000000d6160000, 0x0000000100000000)
   the space 46464K,  79% used [0x00000000d3400000, 0x00000000d5812d50, 0x00000000d5812e00, 0x00000000d6160000)
 Metaspace       used 18749K, capacity 19074K, committed 19456K, reserved 1067008K
  class space    used 2121K, capacity 2245K, committed 2304K, reserved 1048576K
Event: 3.487 GC heap after
Heap after GC invocations=8 (full 1):
 def new generation   total 41024K, used 0K [0x00000000bce00000, 0x00000000bfa80000, 0x00000000d3400000)
  eden space 36480K,   0% used [0x00000000bce00000, 0x00000000bce00000, 0x00000000bf1a0000)
  from space 4544K,   0% used [0x00000000bf1a0000, 0x00000000bf1a0000, 0x00000000bf610000)
  to   space 4544K,   0% used [0x00000000bf610000, 0x00000000bf610000, 0x00000000bfa80000)
 tenured generation   total 91016K, used 54607K [0x00000000d3400000, 0x00000000d8ce2000, 0x0000000100000000)
   the space 91016K,  59% used [0x00000000d3400000, 0x00000000d6953ce8, 0x00000000d6953e00, 0x00000000d8ce2000)
 Metaspace       used 18749K, capacity 19074K, committed 19456K, reserved 1067008K
  class space    used 2121K, capacity 2245K, committed 2304K, reserved 1048576K
}
Event: 3.800 GC heap before
{Heap before GC invocations=8 (full 1):
 def new generation   total 41024K, used 36480K [0x00000000bce00000, 0x00000000bfa80000, 0x00000000d3400000)
  eden space 36480K, 100% used [0x00000000bce00000, 0x00000000bf1a0000, 0x00000000bf1a0000)
  from space 4544K,   0% used [0x00000000bf1a0000, 0x00000000bf1a0000, 0x00000000bf610000)
  to   space 4544K,   0% used [0x00000000bf610000, 0x00000000bf610000, 0x00000000bfa80000)
 tenured generation   total 91016K, used 54607K [0x00000000d3400000, 0x00000000d8ce2000, 0x0000000100000000)
   the space 91016K,  59% used [0x00000000d3400000, 0x00000000d6953ce8, 0x00000000d6953e00, 0x00000000d8ce2000)
 Metaspace       used 18798K, capacity 19094K, committed 19456K, reserved 1067008K
  class space    used 2124K, capacity 2247K, committed 2304K, reserved 1048576K
Event: 3.808 GC heap after
Heap after GC invocations=9 (full 1):
 def new generation   total 41024K, used 1173K [0x00000000bce00000, 0x00000000bfa80000, 0x00000000d3400000)
  eden space 36480K,   0% used [0x00000000bce00000, 0x00000000bce00000, 0x00000000bf1a0000)
  from space 4544K,  25% used [0x00000000bf610000, 0x00000000bf7354c8, 0x00000000bfa80000)
  to   space 4544K,   0% used [0x00000000bf1a0000, 0x00000000bf1a0000, 0x00000000bf610000)
 tenured generation   total 91016K, used 68186K [0x00000000d3400000, 0x00000000d8ce2000, 0x0000000100000000)
   the space 91016K,  74% used [0x00000000d3400000, 0x00000000d7696a80, 0x00000000d7696c00, 0x00000000d8ce2000)
 Metaspace       used 18798K, capacity 19094K, committed 19456K, reserved 1067008K
  class space    used 2124K, capacity 2247K, committed 2304K, reserved 1048576K
}
Event: 4.412 GC heap before
{Heap before GC invocations=9 (full 1):
 def new generation   total 41024K, used 37653K [0x00000000bce00000, 0x00000000bfa80000, 0x00000000d3400000)
  eden space 36480K, 100% used [0x00000000bce00000, 0x00000000bf1a0000, 0x00000000bf1a0000)
  from space 4544K,  25% used [0x00000000bf610000, 0x00000000bf7354c8, 0x00000000bfa80000)
  to   space 4544K,   0% used [0x00000000bf1a0000, 0x00000000bf1a0000, 0x00000000bf610000)
 tenured generation   total 91016K, used 68186K [0x00000000d3400000, 0x00000000d8ce2000, 0x0000000100000000)
   the space 91016K,  74% used [0x00000000d3400000, 0x00000000d7696a80, 0x00000000d7696c00, 0x00000000d8ce2000)
 Metaspace       used 18912K, capacity 19222K, committed 19456K, reserved 1067008K
  class space    used 2130K, capacity 2247K, committed 2304K, reserved 1048576K
Event: 4.417 GC heap after
Heap after GC invocations=10 (full 1):
 def new generation   total 41024K, used 4543K [0x00000000bce00000, 0x00000000bfa80000, 0x00000000d3400000)
  eden space 36480K,   0% used [0x00000000bce00000, 0x00000000bce00000, 0x00000000bf1a0000)
  from space 4544K,  99% used [0x00000000bf1a0000, 0x00000000bf60fff8, 0x00000000bf610000)
  to   space 4544K,   0% used [0x00000000bf610000, 0x00000000bf610000, 0x00000000bfa80000)
 tenured generation   total 91016K, used 68187K [0x00000000d3400000, 0x00000000d8ce2000, 0x0000000100000000)
   the space 91016K,  74% used [0x00000000d3400000, 0x00000000d7696df8, 0x00000000d7696e00, 0x00000000d8ce2000)
 Metaspace       used 18912K, capacity 19222K, committed 19456K, reserved 1067008K
  class space    used 2130K, capacity 2247K, committed 2304K, reserved 1048576K
}

